<?xml version="1.0" encoding="UTF-8"?>
<testsuites name="TestSuiteInsider" time="0.271" tests="0" failures="0" errors="0">
   <testsuite name="TestSuiteInsider" tests="0" failures="0" errors="0" time="0.271" skipped="0" timestamp="16-01-2024T22:38:00" hostname="bhavyansh-katalon - localhost" id="Test Suites/FirstFolder/SecondFolder/TestSuiteInsider">
      <properties>
         <property name="deviceName" value=""/>
         <property name="devicePlatform" value=""/>
         <property name="logFolder" value="/Users/bhavyansh-katalon/git/testrepo1/Reports/20240116_223754/FirstFolder/SecondFolder/TestSuiteInsider/20240116_223754"/>
         <property name="logFiles" value="/Users/bhavyansh-katalon/git/testrepo1/Reports/20240116_223754/FirstFolder/SecondFolder/TestSuiteInsider/20240116_223754/execution0.log"/>
         <property name="attachments" value=""/>
         <property name="hostName" value="bhavyansh-katalon - localhost"/>
         <property name="hostAddress" value="127.0.0.1"/>
         <property name="os" value="Mac OS X 64bit"/>
         <property name="katalonVersion" value="9.2.0.212"/>
      </properties>
      <system-out><![CDATA[16-01-2024T22:38:00 - [TEST_SUITE][PASSED] - TestSuiteInsider: null]]></system-out>
      <system-err><![CDATA[]]></system-err>
   </testsuite>
</testsuites>
