<?xml version="1.0" encoding="UTF-8"?>
<testsuites name="TestSuiteInsider" time="11.327" tests="1" failures="0" errors="0">
   <testsuite name="TestSuiteInsider" tests="1" failures="0" errors="0" time="11.327" skipped="0" timestamp="2024-01-12 01:01:13" hostname="bhavyansh-katalon - localhost" id="Test Suites/FirstFolder/SecondFolder/TestSuiteInsider">
      <properties>
         <property name="deviceName" value=""/>
         <property name="devicePlatform" value=""/>
         <property name="logFolder" value="/Users/bhavyansh-katalon/git/testrepo1/Reports/20240112_010110/FirstFolder/SecondFolder/TestSuiteInsider/20240112_010110"/>
         <property name="logFiles" value="/Users/bhavyansh-katalon/git/testrepo1/Reports/20240112_010110/FirstFolder/SecondFolder/TestSuiteInsider/20240112_010110/execution0.log"/>
         <property name="attachments" value=""/>
         <property name="hostName" value="bhavyansh-katalon - localhost"/>
         <property name="os" value="Mac OS X 64bit"/>
         <property name="katalonVersion" value="8.6.8.208"/>
         <property name="browser" value="Chrome 120.0.6099.199"/>
         <property name="hostAddress" value="127.0.0.1"/>
         <property name="sessionId" value="5f56194922166920a09b3bf6120aa353"/>
         <property name="seleniumVersion" value="3.141.59"/>
         <property name="proxyInformation" value="ProxyInformation { proxyOption=NO_PROXY, proxyServerType=HTTP, username=, password=********, proxyServerAddress=, proxyServerPort=0, executionList=&quot;&quot;, isApplyToDesiredCapabilities=true }"/>
         <property name="platform" value="Mac OS X"/>
      </properties>
      <testcase name="Test Cases/New Test Case" time="11.014" classname="Test Cases/New Test Case" status="PASSED">
         <system-out><![CDATA[2024-01-12 01:01:13 - [TEST_CASE][PASSED] - Test Cases/New Test Case: Test Cases/New Test Case

2024-01-12 01:01:14 - [TEST_STEP][PASSED] - openBrowser(""): Browser is opened with url: ''

2024-01-12 01:01:14 - [MESSAGE][INFO] - Starting 'Chrome (headless)' driver

2024-01-12 01:01:14 - [MESSAGE][INFO] - Action delay is set to 0 milliseconds

2024-01-12 01:01:18 - [MESSAGE][PASSED] - Browser is opened with url: ''

2024-01-12 01:01:18 - [TEST_STEP][PASSED] - navigateToUrl("https://katalon-demo-cura.herokuapp.com/"): Navigate to 'https://katalon-demo-cura.herokuapp.com/' successfully

2024-01-12 01:01:21 - [MESSAGE][PASSED] - Navigate to 'https://katalon-demo-cura.herokuapp.com/' successfully

2024-01-12 01:01:21 - [TEST_STEP][PASSED] - click(findTestObject("Object Repository/Page_CURA Healthcare Service/a_Make Appointment (1)")): Object: 'Object Repository/Page_CURA Healthcare Service/a_Make Appointment (1)' is clicked on

2024-01-12 01:01:23 - [MESSAGE][PASSED] - Object: 'Object Repository/Page_CURA Healthcare Service/a_Make Appointment (1)' is clicked on

2024-01-12 01:01:23 - [TEST_STEP][PASSED] - setText(findTestObject("Object Repository/Page_CURA Healthcare Service/input_Username_username"), "John Doe"): Text 'John Doe' is set on object 'Object Repository/Page_CURA Healthcare Service/input_Username_username'

2024-01-12 01:01:23 - [MESSAGE][PASSED] - Text 'John Doe' is set on object 'Object Repository/Page_CURA Healthcare Service/input_Username_username'

2024-01-12 01:01:23 - [TEST_STEP][PASSED] - setEncryptedText(findTestObject("Object Repository/Page_CURA Healthcare Service/input_Password_password"), "g3/DOGG74jC3Flrr3yH+3D/yKbOqqUNM"): Text ****** has been set on object 'Object Repository/Page_CURA Healthcare Service/input_Password_password'

2024-01-12 01:01:23 - [MESSAGE][PASSED] - Text ****** has been set on object 'Object Repository/Page_CURA Healthcare Service/input_Password_password'

2024-01-12 01:01:23 - [TEST_STEP][PASSED] - click(findTestObject("Object Repository/Page_CURA Healthcare Service/button_Login")): Object: 'Object Repository/Page_CURA Healthcare Service/button_Login' is clicked on

2024-01-12 01:01:24 - [MESSAGE][PASSED] - Object: 'Object Repository/Page_CURA Healthcare Service/button_Login' is clicked on

2024-01-12 01:01:24 - [TEST_STEP][PASSED] - closeBrowser(): Browser is closed

2024-01-12 01:01:24 - [MESSAGE][PASSED] - Browser is closed]]></system-out>
         <system-err><![CDATA[]]></system-err>
      </testcase>
      <system-out><![CDATA[2024-01-12 01:01:13 - [TEST_SUITE][PASSED] - TestSuiteInsider: Test Cases/New Test Case]]></system-out>
      <system-err><![CDATA[]]></system-err>
   </testsuite>
</testsuites>
