<?xml version="1.0" encoding="UTF-8"?>
<testsuites name="TestSuiteInsider" time="25.828" tests="1" failures="0" errors="0">
   <testsuite name="TestSuiteInsider" tests="1" failures="0" errors="0" time="25.828" skipped="0" timestamp="2024-01-16 22:56:44" hostname="bhavyansh - LAPTOP-E5PQPK4Q" id="Test Suites/FirstFolder/SecondFolder/TestSuiteInsider">
      <properties>
         <property name="deviceName" value=""/>
         <property name="devicePlatform" value=""/>
         <property name="logFolder" value="C:\\Users\\bhavyansh\\Downloads\\testrepo1\\testrepo1\\Reports\\20240116_225631\\FirstFolder\\SecondFolder\\TestSuiteInsider\\20240116_225631"/>
         <property name="logFiles" value="C:\\Users\\bhavyansh\\Downloads\\testrepo1\\testrepo1\\Reports\\20240116_225631\\FirstFolder\\SecondFolder\\TestSuiteInsider\\20240116_225631\\execution0.log"/>
         <property name="attachments" value=""/>
         <property name="hostName" value="bhavyansh - LAPTOP-E5PQPK4Q"/>
         <property name="os" value="Windows 11 64bit"/>
         <property name="katalonVersion" value="8.6.8.208"/>
         <property name="browser" value="Chrome 120.0.0.0"/>
         <property name="hostAddress" value="192.168.1.6"/>
         <property name="sessionId" value="7252060a98aa6a76dfbd75992913369b"/>
         <property name="seleniumVersion" value="3.141.59"/>
         <property name="proxyInformation" value="ProxyInformation { proxyOption=NO_PROXY, proxyServerType=HTTP, username=, password=********, proxyServerAddress=, proxyServerPort=0, executionList=&quot;&quot;, isApplyToDesiredCapabilities=true }"/>
         <property name="platform" value="Windows 11"/>
      </properties>
      <testcase name="Test Cases/New Test Case" time="19.671" classname="Test Cases/New Test Case" status="PASSED">
         <system-out><![CDATA[2024-01-16 22:56:50 - [TEST_CASE][PASSED] - Test Cases/New Test Case: Test Cases/New Test Case

2024-01-16 22:56:50 - [TEST_STEP][PASSED] - Start setup action : setupTestCase: Method 'setupTestCase' complete successfully

2024-01-16 22:56:50 - [TEST_STEP][PASSED] - getRuntime().exec("taskkill /f /im chrome.exe"): null

2024-01-16 22:56:50 - [TEST_STEP][PASSED] - getRuntime().exec("taskkill /f /im chromedriver.exe"): null

2024-01-16 22:56:50 - [TEST_STEP][PASSED] - delay(5): Delayed 5 second(s)

2024-01-16 22:56:55 - [MESSAGE][PASSED] - Delayed 5 second(s)

2024-01-16 22:56:55 - [TEST_STEP][PASSED] - openBrowser(""): Browser is opened with url: ''

2024-01-16 22:56:56 - [MESSAGE][INFO] - Starting 'Chrome' driver

2024-01-16 22:56:56 - [MESSAGE][INFO] - Action delay is set to 0 milliseconds

2024-01-16 22:56:58 - [MESSAGE][PASSED] - Browser is opened with url: ''

2024-01-16 22:56:58 - [MESSAGE][PASSED] - Method 'setupTestCase' complete successfully

2024-01-16 22:56:59 - [TEST_STEP][PASSED] - openBrowser(""): Browser is opened with url: ''

2024-01-16 22:56:59 - [MESSAGE][WARNING] - A browser is already opened. Closing browser and opening a new one

2024-01-16 22:56:59 - [MESSAGE][INFO] - Starting 'Chrome' driver

2024-01-16 22:56:59 - [MESSAGE][INFO] - Action delay is set to 0 milliseconds

2024-01-16 22:57:01 - [MESSAGE][PASSED] - Browser is opened with url: ''

2024-01-16 22:57:01 - [TEST_STEP][PASSED] - navigateToUrl("https://katalon-demo-cura.herokuapp.com/"): Navigate to 'https://katalon-demo-cura.herokuapp.com/' successfully

2024-01-16 22:57:04 - [MESSAGE][PASSED] - Navigate to 'https://katalon-demo-cura.herokuapp.com/' successfully

2024-01-16 22:57:04 - [TEST_STEP][PASSED] - click(findTestObject("Object Repository/Page_CURA Healthcare Service/a_Make Appointment (1)")): Object: 'Object Repository/Page_CURA Healthcare Service/a_Make Appointment (1)' is clicked on

2024-01-16 22:57:05 - [MESSAGE][PASSED] - Object: 'Object Repository/Page_CURA Healthcare Service/a_Make Appointment (1)' is clicked on

2024-01-16 22:57:05 - [TEST_STEP][PASSED] - setText(findTestObject("Object Repository/Page_CURA Healthcare Service/input_Username_username"), "John Doe"): Text 'John Doe' is set on object 'Object Repository/Page_CURA Healthcare Service/input_Username_username'

2024-01-16 22:57:06 - [MESSAGE][PASSED] - Text 'John Doe' is set on object 'Object Repository/Page_CURA Healthcare Service/input_Username_username'

2024-01-16 22:57:06 - [TEST_STEP][PASSED] - setEncryptedText(findTestObject("Object Repository/Page_CURA Healthcare Service/input_Password_password"), "g3/DOGG74jC3Flrr3yH+3D/yKbOqqUNM"): Text ****** has been set on object 'Object Repository/Page_CURA Healthcare Service/input_Password_password'

2024-01-16 22:57:07 - [MESSAGE][PASSED] - Text ****** has been set on object 'Object Repository/Page_CURA Healthcare Service/input_Password_password'

2024-01-16 22:57:07 - [TEST_STEP][PASSED] - click(findTestObject("Object Repository/Page_CURA Healthcare Service/button_Login")): Object: 'Object Repository/Page_CURA Healthcare Service/button_Login' is clicked on

2024-01-16 22:57:08 - [MESSAGE][PASSED] - Object: 'Object Repository/Page_CURA Healthcare Service/button_Login' is clicked on

2024-01-16 22:57:08 - [TEST_STEP][PASSED] - hey = com.bhavya.custom.dateGenerator.generateDateOfBirth.generate(): com.bhavya.custom.dateGenerator.generateDateOfBirth.generate is PASSED

2024-01-16 22:57:09 - [MESSAGE][PASSED] - com.bhavya.custom.dateGenerator.generateDateOfBirth.generate is PASSED

2024-01-16 22:57:09 - [TEST_STEP][PASSED] - println(hey): null

2024-01-16 22:57:09 - [TEST_STEP][PASSED] - refresh(): Refresh successfully

2024-01-16 22:57:09 - [MESSAGE][PASSED] - Refresh successfully

2024-01-16 22:57:09 - [TEST_STEP][PASSED] - closeBrowser(): Browser is closed

2024-01-16 22:57:10 - [MESSAGE][PASSED] - Browser is closed

2024-01-16 22:57:10 - [TEST_STEP][PASSED] - Start tear down : tearDownTestCase: Method 'tearDownTestCase' complete successfully

2024-01-16 22:57:10 - [TEST_STEP][PASSED] - closeBrowser(): Browser is closed

2024-01-16 22:57:10 - [MESSAGE][PASSED] - Browser is closed

2024-01-16 22:57:10 - [MESSAGE][PASSED] - Method 'tearDownTestCase' complete successfully]]></system-out>
         <system-err><![CDATA[]]></system-err>
      </testcase>
      <system-out><![CDATA[2024-01-16 22:56:44 - [TEST_SUITE][PASSED] - TestSuiteInsider: Test Cases/New Test Case]]></system-out>
      <system-err><![CDATA[]]></system-err>
   </testsuite>
</testsuites>
