<?xml version="1.0" encoding="UTF-8"?>
<testsuites name="TestSuiteInsider" time="106.825" tests="1" failures="0" errors="0">
   <testsuite name="TestSuiteInsider" tests="1" failures="0" errors="0" time="106.825" skipped="0" timestamp="2024-01-16 22:58:44" hostname="bhavyansh - LAPTOP-E5PQPK4Q" id="Test Suites/FirstFolder/SecondFolder/TestSuiteInsider">
      <properties>
         <property name="deviceName"/>
         <property name="devicePlatform" value="WINDOWS"/>
         <property name="logFolder" value="C:\\Users\\bhavyansh\\Downloads\\testrepo1\\testrepo1\\Reports\\20240116_225830\\FirstFolder\\SecondFolder\\TestSuiteInsider\\20240116_225832"/>
         <property name="logFiles" value="C:\\Users\\bhavyansh\\Downloads\\testrepo1\\testrepo1\\Reports\\20240116_225830\\FirstFolder\\SecondFolder\\TestSuiteInsider\\20240116_225832\\execution0.log"/>
         <property name="attachments" value=""/>
         <property name="hostName" value="bhavyansh - LAPTOP-E5PQPK4Q"/>
         <property name="remoteDriverUrl" value="testcloud.katalon.com/hub"/>
         <property name="desiredCapabilities" value="{
  &quot;timeouts&quot;: {
    &quot;implicit&quot;: 0,
    &quot;pageLoad&quot;: 300000,
    &quot;script&quot;: 30000
  },
  &quot;platform&quot;: &quot;WINDOWS&quot;,
  &quot;goog:chromeOptions&quot;: {
    &quot;debuggerAddress&quot;: &quot;localhost:9225&quot;
  },
  &quot;requestId&quot;: &quot;97f02e5d-4f8f-4b61-a264-600556407b82&quot;,
  &quot;webauthn:extension:credBlob&quot;: true,
  &quot;acceptInsecureCerts&quot;: false,
  &quot;browserVersion&quot;: &quot;119.0.0.0&quot;,
  &quot;fedcm:accounts&quot;: true,
  &quot;browserName&quot;: &quot;chrome&quot;,
  &quot;javascriptEnabled&quot;: true,
  &quot;katalon:option&quot;: {
    &quot;unlimitedExecutionMinutes&quot;: true,
    &quot;userId&quot;: 1243446,
    &quot;organizationId&quot;: &quot;1192683&quot;,
    &quot;class&quot;: &quot;com.katalon.testcloud.grid.common.tunnel.domain.UserOptionCapability&quot;,
    &quot;runFromTestCloud&quot;: true,
    &quot;usingTunnel&quot;: false
  },
  &quot;platformName&quot;: &quot;WINDOWS&quot;,
  &quot;setWindowRect&quot;: true,
  &quot;webauthn:extension:largeBlob&quot;: true,
  &quot;networkConnectionEnabled&quot;: false,
  &quot;chrome&quot;: {
    &quot;chromedriverVersion&quot;: &quot;119.0.6045.9 (c7ec5863fa5c563b4b9057148aa2ae3f09f7994e-refs/branch-heads/6045@{#87})&quot;,
    &quot;userDataDir&quot;: &quot;C:\\Program Files (x86)\\scoped_dir1512_686679484&quot;
  },
  &quot;os&quot;: &quot;windows&quot;,
  &quot;pageLoadStrategy&quot;: &quot;normal&quot;,
  &quot;unhandledPromptBehavior&quot;: &quot;dismiss and notify&quot;,
  &quot;strictFileInteractability&quot;: false,
  &quot;***:loadExtension&quot;: [
    &quot;https://prod-magicleap-user-files-us-east-1-v1.s3.amazonaws.com/extensions/orgId-691279/SmartWait.zip&quot;
  ],
  &quot;version&quot;: &quot;119&quot;,
  &quot;se:cdp&quot;: &quot;ws://172.48.62.105:4444/session/768ae9ddf67a06f928d90b297fce3fda/se/cdp&quot;,
  &quot;proxy&quot;: {
    &quot;proxyType&quot;: &quot;DIRECT&quot;,
    &quot;autodetect&quot;: false
  },
  &quot;webauthn:extension:minPinLength&quot;: true,
  &quot;webdriver.remote.sessionid&quot;: &quot;768ae9ddf67a06f928d90b297fce3fda&quot;,
  &quot;webauthn:extension:prf&quot;: true,
  &quot;webauthn:virtualAuthenticators&quot;: true
}"/>
         <property name="os" value="Windows 11 64bit"/>
         <property name="remoteOS" value="Windows"/>
         <property name="katalonVersion" value="8.6.8.208"/>
         <property name="browser" value="Chrome 119.0.0.0"/>
         <property name="hostAddress" value="192.168.1.6"/>
         <property name="sessionId" value="768ae9ddf67a06f928d90b297fce3fda"/>
         <property name="seleniumVersion" value="3.141.59"/>
         <property name="proxyInformation" value="ProxyInformation { proxyOption=NO_PROXY, proxyServerType=HTTP, username=, password=********, proxyServerAddress=, proxyServerPort=0, executionList=&quot;&quot;, isApplyToDesiredCapabilities=true }"/>
         <property name="platform" value="Windows 11"/>
      </properties>
      <testcase name="Test Cases/New Test Case" time="100.179" classname="Test Cases/New Test Case" status="PASSED">
         <system-out><![CDATA[2024-01-16 22:58:51 - [TEST_CASE][PASSED] - Test Cases/New Test Case: Test Cases/New Test Case

2024-01-16 22:58:51 - [TEST_STEP][PASSED] - Start setup action : setupTestCase: Method 'setupTestCase' complete successfully

2024-01-16 22:58:51 - [TEST_STEP][PASSED] - getRuntime().exec("taskkill /f /im chrome.exe"): null

2024-01-16 22:58:51 - [TEST_STEP][PASSED] - getRuntime().exec("taskkill /f /im chromedriver.exe"): null

2024-01-16 22:58:51 - [TEST_STEP][PASSED] - delay(5): Delayed 5 second(s)

2024-01-16 22:58:56 - [MESSAGE][PASSED] - Delayed 5 second(s)

2024-01-16 22:58:56 - [TEST_STEP][PASSED] - openBrowser(""): Browser is opened with url: ''

2024-01-16 22:58:57 - [MESSAGE][INFO] - User set preference: ['os', 'windows']

2024-01-16 22:58:57 - [MESSAGE][INFO] - User set preference: ['browserName', 'chrome']

2024-01-16 22:58:57 - [MESSAGE][INFO] - User set preference: ['browserVersion', '119']

2024-01-16 22:58:57 - [MESSAGE][INFO] - User set preference: ['katalon:option', '{organizationId=1192683, tunnelId=, usingTunnel=false}']

2024-01-16 22:58:57 - [MESSAGE][INFO] - Connecting to remote web server 'testcloud.katalon.com/hub' with type 'Selenium'

2024-01-16 22:58:59 - [MESSAGE][INFO] - Action delay is set to 0 milliseconds

2024-01-16 22:59:32 - [MESSAGE][PASSED] - Browser is opened with url: ''

2024-01-16 22:59:32 - [MESSAGE][PASSED] - Method 'setupTestCase' complete successfully

2024-01-16 22:59:32 - [TEST_STEP][PASSED] - openBrowser(""): Browser is opened with url: ''

2024-01-16 22:59:32 - [MESSAGE][WARNING] - A browser is already opened. Closing browser and opening a new one

2024-01-16 22:59:34 - [MESSAGE][INFO] - User set preference: ['os', 'windows']

2024-01-16 22:59:34 - [MESSAGE][INFO] - User set preference: ['browserName', 'chrome']

2024-01-16 22:59:34 - [MESSAGE][INFO] - User set preference: ['browserVersion', '119']

2024-01-16 22:59:34 - [MESSAGE][INFO] - User set preference: ['katalon:option', '{organizationId=1192683, tunnelId=, usingTunnel=false}']

2024-01-16 22:59:34 - [MESSAGE][INFO] - Connecting to remote web server 'testcloud.katalon.com/hub' with type 'Selenium'

2024-01-16 22:59:34 - [MESSAGE][INFO] - Action delay is set to 0 milliseconds

2024-01-16 23:00:10 - [MESSAGE][PASSED] - Browser is opened with url: ''

2024-01-16 23:00:10 - [TEST_STEP][PASSED] - navigateToUrl("https://katalon-demo-cura.herokuapp.com/"): Navigate to 'https://katalon-demo-cura.herokuapp.com/' successfully

2024-01-16 23:00:11 - [MESSAGE][PASSED] - Navigate to 'https://katalon-demo-cura.herokuapp.com/' successfully

2024-01-16 23:00:11 - [TEST_STEP][PASSED] - click(findTestObject("Object Repository/Page_CURA Healthcare Service/a_Make Appointment (1)")): Object: 'Object Repository/Page_CURA Healthcare Service/a_Make Appointment (1)' is clicked on

2024-01-16 23:00:14 - [MESSAGE][PASSED] - Object: 'Object Repository/Page_CURA Healthcare Service/a_Make Appointment (1)' is clicked on

2024-01-16 23:00:14 - [TEST_STEP][PASSED] - setText(findTestObject("Object Repository/Page_CURA Healthcare Service/input_Username_username"), "John Doe"): Text 'John Doe' is set on object 'Object Repository/Page_CURA Healthcare Service/input_Username_username'

2024-01-16 23:00:21 - [MESSAGE][PASSED] - Text 'John Doe' is set on object 'Object Repository/Page_CURA Healthcare Service/input_Username_username'

2024-01-16 23:00:21 - [TEST_STEP][PASSED] - setEncryptedText(findTestObject("Object Repository/Page_CURA Healthcare Service/input_Password_password"), "g3/DOGG74jC3Flrr3yH+3D/yKbOqqUNM"): Text ****** has been set on object 'Object Repository/Page_CURA Healthcare Service/input_Password_password'

2024-01-16 23:00:25 - [MESSAGE][PASSED] - Text ****** has been set on object 'Object Repository/Page_CURA Healthcare Service/input_Password_password'

2024-01-16 23:00:25 - [TEST_STEP][PASSED] - click(findTestObject("Object Repository/Page_CURA Healthcare Service/button_Login")): Object: 'Object Repository/Page_CURA Healthcare Service/button_Login' is clicked on

2024-01-16 23:00:29 - [MESSAGE][PASSED] - Object: 'Object Repository/Page_CURA Healthcare Service/button_Login' is clicked on

2024-01-16 23:00:29 - [TEST_STEP][PASSED] - hey = com.bhavya.custom.dateGenerator.generateDateOfBirth.generate(): com.bhavya.custom.dateGenerator.generateDateOfBirth.generate is PASSED

2024-01-16 23:00:29 - [MESSAGE][PASSED] - com.bhavya.custom.dateGenerator.generateDateOfBirth.generate is PASSED

2024-01-16 23:00:29 - [TEST_STEP][PASSED] - println(hey): null

2024-01-16 23:00:29 - [TEST_STEP][PASSED] - refresh(): Refresh successfully

2024-01-16 23:00:30 - [MESSAGE][PASSED] - Refresh successfully

2024-01-16 23:00:30 - [TEST_STEP][PASSED] - closeBrowser(): Browser is closed

2024-01-16 23:00:31 - [MESSAGE][PASSED] - Browser is closed

2024-01-16 23:00:31 - [TEST_STEP][PASSED] - Start tear down : tearDownTestCase: Method 'tearDownTestCase' complete successfully

2024-01-16 23:00:31 - [TEST_STEP][PASSED] - closeBrowser(): Browser is closed

2024-01-16 23:00:31 - [MESSAGE][PASSED] - Browser is closed

2024-01-16 23:00:31 - [MESSAGE][PASSED] - Method 'tearDownTestCase' complete successfully]]></system-out>
         <system-err><![CDATA[]]></system-err>
      </testcase>
      <system-out><![CDATA[2024-01-16 22:58:44 - [TEST_SUITE][PASSED] - TestSuiteInsider: Test Cases/New Test Case]]></system-out>
      <system-err><![CDATA[]]></system-err>
   </testsuite>
</testsuites>
